[08-Mar-2025 14:39:44] NOTICE: fpm is running, pid 3108
[08-Mar-2025 14:39:44] NOTICE: ready to handle connections
[08-Mar-2025 15:14:56] NOTICE: Terminating ...
[08-Mar-2025 15:14:56] NOTICE: Terminating ...
[08-Mar-2025 15:14:56] NOTICE: exiting, bye-bye!
[08-Mar-2025 15:14:59] NOTICE: fpm is running, pid 5125
[08-Mar-2025 15:14:59] NOTICE: ready to handle connections
[08-Mar-2025 15:44:48] WARNING: [pool www] child 5133 said into stderr: "Catalog dictionary not located in file, unable to proceed"
[08-Mar-2025 15:44:48] WARNING: [pool www] child 5133 said into stderr: "   **** Error: Couldn't initialise file."
[08-Mar-2025 15:44:48] WARNING: [pool www] child 5133 said into stderr: "               Output may be incorrect."
[08-Mar-2025 15:44:48] WARNING: [pool www] child 5133 said into stderr: "Requested FirstPage is greater than the number of pages in the file: 0"
[08-Mar-2025 15:44:48] WARNING: [pool www] child 5133 said into stderr: "   No pages will be processed (FirstPage > LastPage)."
[08-Mar-2025 15:44:48] WARNING: [pool www] child 5133 said into stderr: "Catalog dictionary not located in file, unable to proceed"
[08-Mar-2025 15:44:48] WARNING: [pool www] child 5133 said into stderr: "   **** Error: Couldn't initialise file."
[08-Mar-2025 15:44:48] WARNING: [pool www] child 5133 said into stderr: "               Output may be incorrect."
[08-Mar-2025 15:44:48] WARNING: [pool www] child 5133 said into stderr: "Requested FirstPage is greater than the number of pages in the file: 0"
[08-Mar-2025 15:44:48] WARNING: [pool www] child 5133 said into stderr: "   No pages will be processed (FirstPage > LastPage)."
[08-Mar-2025 15:44:53] WARNING: [pool www] child 5133 said into stderr: "Catalog dictionary not located in file, unable to proceed"
[08-Mar-2025 15:44:53] WARNING: [pool www] child 5133 said into stderr: "   **** Error: Couldn't initialise file."
[08-Mar-2025 15:44:53] WARNING: [pool www] child 5133 said into stderr: "               Output may be incorrect."
[08-Mar-2025 15:44:53] WARNING: [pool www] child 5133 said into stderr: "Requested FirstPage is greater than the number of pages in the file: 0"
[08-Mar-2025 15:44:53] WARNING: [pool www] child 5133 said into stderr: "   No pages will be processed (FirstPage > LastPage)."
[08-Mar-2025 15:44:53] WARNING: [pool www] child 5133 said into stderr: "Catalog dictionary not located in file, unable to proceed"
[08-Mar-2025 15:44:53] WARNING: [pool www] child 5133 said into stderr: "   **** Error: Couldn't initialise file."
[08-Mar-2025 15:44:53] WARNING: [pool www] child 5133 said into stderr: "               Output may be incorrect."
[08-Mar-2025 15:44:53] WARNING: [pool www] child 5133 said into stderr: "Requested FirstPage is greater than the number of pages in the file: 0"
[08-Mar-2025 15:44:53] WARNING: [pool www] child 5133 said into stderr: "   No pages will be processed (FirstPage > LastPage)."
[08-Mar-2025 15:44:56] WARNING: [pool www] child 5133 said into stderr: "   **** Error: Couldn't initialise file."
[08-Mar-2025 15:44:56] WARNING: [pool www] child 5133 said into stderr: "               Output may be incorrect."
[08-Mar-2025 15:44:56] WARNING: [pool www] child 5133 said into stderr: "Requested FirstPage is greater than the number of pages in the file: 0"
[08-Mar-2025 15:44:56] WARNING: [pool www] child 5133 said into stderr: "   No pages will be processed (FirstPage > LastPage)."
[08-Mar-2025 15:44:56] WARNING: [pool www] child 5133 said into stderr: "   **** Error: Couldn't initialise file."
[08-Mar-2025 15:44:56] WARNING: [pool www] child 5133 said into stderr: "               Output may be incorrect."
[08-Mar-2025 15:44:56] WARNING: [pool www] child 5133 said into stderr: "Requested FirstPage is greater than the number of pages in the file: 0"
[08-Mar-2025 15:44:56] WARNING: [pool www] child 5133 said into stderr: "   No pages will be processed (FirstPage > LastPage)."
[08-Mar-2025 15:52:21] WARNING: [pool www] child 5133 said into stderr: "   **** Warning: File has some garbage before %PDF- ."
[08-Mar-2025 15:52:27] WARNING: [pool www] child 5133 said into stderr: "   **** Warning: File has some garbage before %PDF- ."
[08-Mar-2025 15:53:10] WARNING: [pool www] child 5132 said into stderr: "Catalog dictionary not located in file, unable to proceed"
[08-Mar-2025 15:53:10] WARNING: [pool www] child 5132 said into stderr: "   **** Error: Couldn't initialise file."
[08-Mar-2025 15:53:10] WARNING: [pool www] child 5132 said into stderr: "               Output may be incorrect."
[08-Mar-2025 15:53:10] WARNING: [pool www] child 5132 said into stderr: "Requested FirstPage is greater than the number of pages in the file: 0"
[08-Mar-2025 15:53:10] WARNING: [pool www] child 5132 said into stderr: "   No pages will be processed (FirstPage > LastPage)."
[08-Mar-2025 15:53:10] WARNING: [pool www] child 5132 said into stderr: "Catalog dictionary not located in file, unable to proceed"
[08-Mar-2025 15:53:10] WARNING: [pool www] child 5132 said into stderr: "   **** Error: Couldn't initialise file."
[08-Mar-2025 15:53:10] WARNING: [pool www] child 5132 said into stderr: "               Output may be incorrect."
[08-Mar-2025 15:53:10] WARNING: [pool www] child 5132 said into stderr: "Requested FirstPage is greater than the number of pages in the file: 0"
[08-Mar-2025 15:53:10] WARNING: [pool www] child 5132 said into stderr: "   No pages will be processed (FirstPage > LastPage)."
[08-Mar-2025 15:53:10] WARNING: [pool www] child 5132 said into stderr: "Catalog dictionary not located in file, unable to proceed"
[08-Mar-2025 15:53:10] WARNING: [pool www] child 5132 said into stderr: "   **** Error: Couldn't initialise file."
[08-Mar-2025 15:53:10] WARNING: [pool www] child 5132 said into stderr: "               Output may be incorrect."
[08-Mar-2025 15:53:10] WARNING: [pool www] child 5132 said into stderr: "Requested FirstPage is greater than the number of pages in the file: 0"
[08-Mar-2025 15:53:10] WARNING: [pool www] child 5132 said into stderr: "   No pages will be processed (FirstPage > LastPage)."
[08-Mar-2025 15:53:11] WARNING: [pool www] child 5132 said into stderr: "Catalog dictionary not located in file, unable to proceed"
[08-Mar-2025 15:53:11] WARNING: [pool www] child 5132 said into stderr: "   **** Error: Couldn't initialise file."
[08-Mar-2025 15:53:11] WARNING: [pool www] child 5132 said into stderr: "               Output may be incorrect."
[08-Mar-2025 15:53:11] WARNING: [pool www] child 5132 said into stderr: "Requested FirstPage is greater than the number of pages in the file: 0"
[08-Mar-2025 15:53:11] WARNING: [pool www] child 5132 said into stderr: "   No pages will be processed (FirstPage > LastPage)."
[08-Mar-2025 15:53:11] WARNING: [pool www] child 5132 said into stderr: "   **** Error: Couldn't initialise file."
[08-Mar-2025 15:53:11] WARNING: [pool www] child 5132 said into stderr: "               Output may be incorrect."
[08-Mar-2025 15:53:11] WARNING: [pool www] child 5132 said into stderr: "Requested FirstPage is greater than the number of pages in the file: 0"
[08-Mar-2025 15:53:11] WARNING: [pool www] child 5132 said into stderr: "   No pages will be processed (FirstPage > LastPage)."
[08-Mar-2025 15:53:11] WARNING: [pool www] child 5132 said into stderr: "   **** Error: Couldn't initialise file."
[08-Mar-2025 15:53:11] WARNING: [pool www] child 5132 said into stderr: "               Output may be incorrect."
[08-Mar-2025 15:53:11] WARNING: [pool www] child 5132 said into stderr: "Requested FirstPage is greater than the number of pages in the file: 0"
[08-Mar-2025 15:53:11] WARNING: [pool www] child 5132 said into stderr: "   No pages will be processed (FirstPage > LastPage)."
[08-Mar-2025 15:54:10] WARNING: [pool www] child 5133 said into stderr: "warning: ignoring zlib error: incorrect data check"
[08-Mar-2025 15:54:10] WARNING: [pool www] child 5133 said into stderr: "warning: ignoring zlib error: incorrect data check"
[08-Mar-2025 15:54:10] WARNING: [pool www] child 5133 said into stderr: "warning: ignoring zlib error: incorrect data check"
[08-Mar-2025 15:54:10] WARNING: [pool www] child 5132 said into stderr: "warning: ignoring zlib error: incorrect data check"
[08-Mar-2025 15:54:10] WARNING: [pool www] child 5132 said into stderr: "warning: ignoring zlib error: incorrect data check"
[08-Mar-2025 15:54:10] WARNING: [pool www] child 5132 said into stderr: "warning: ignoring zlib error: incorrect data check"
[08-Mar-2025 15:54:20] NOTICE: Terminating ...
[08-Mar-2025 15:54:20] NOTICE: Terminating ...
[08-Mar-2025 15:54:20] NOTICE: exiting, bye-bye!
[08-Mar-2025 15:54:24] NOTICE: fpm is running, pid 7292
[08-Mar-2025 15:54:24] NOTICE: ready to handle connections
[08-Mar-2025 15:59:50] WARNING: [pool www] child 7299 said into stderr: "Catalog dictionary not located in file, unable to proceed"
[08-Mar-2025 15:59:50] WARNING: [pool www] child 7299 said into stderr: "   **** Error: Couldn't initialise file."
[08-Mar-2025 15:59:50] WARNING: [pool www] child 7299 said into stderr: "               Output may be incorrect."
[08-Mar-2025 15:59:50] WARNING: [pool www] child 7299 said into stderr: "Requested FirstPage is greater than the number of pages in the file: 0"
[08-Mar-2025 15:59:50] WARNING: [pool www] child 7299 said into stderr: "   No pages will be processed (FirstPage > LastPage)."
[08-Mar-2025 15:59:50] WARNING: [pool www] child 7299 said into stderr: "Catalog dictionary not located in file, unable to proceed"
[08-Mar-2025 15:59:50] WARNING: [pool www] child 7299 said into stderr: "   **** Error: Couldn't initialise file."
[08-Mar-2025 15:59:50] WARNING: [pool www] child 7299 said into stderr: "               Output may be incorrect."
[08-Mar-2025 15:59:50] WARNING: [pool www] child 7299 said into stderr: "Requested FirstPage is greater than the number of pages in the file: 0"
[08-Mar-2025 15:59:50] WARNING: [pool www] child 7299 said into stderr: "   No pages will be processed (FirstPage > LastPage)."
[08-Mar-2025 15:59:50] WARNING: [pool www] child 7299 said into stderr: "Catalog dictionary not located in file, unable to proceed"
[08-Mar-2025 15:59:50] WARNING: [pool www] child 7299 said into stderr: "   **** Error: Couldn't initialise file."
[08-Mar-2025 15:59:50] WARNING: [pool www] child 7299 said into stderr: "               Output may be incorrect."
[08-Mar-2025 15:59:50] WARNING: [pool www] child 7299 said into stderr: "Requested FirstPage is greater than the number of pages in the file: 0"
[08-Mar-2025 15:59:50] WARNING: [pool www] child 7299 said into stderr: "   No pages will be processed (FirstPage > LastPage)."
[08-Mar-2025 15:59:50] WARNING: [pool www] child 7299 said into stderr: "Catalog dictionary not located in file, unable to proceed"
[08-Mar-2025 15:59:50] WARNING: [pool www] child 7299 said into stderr: "   **** Error: Couldn't initialise file."
[08-Mar-2025 15:59:50] WARNING: [pool www] child 7299 said into stderr: "               Output may be incorrect."
[08-Mar-2025 15:59:50] WARNING: [pool www] child 7299 said into stderr: "Requested FirstPage is greater than the number of pages in the file: 0"
[08-Mar-2025 15:59:50] WARNING: [pool www] child 7299 said into stderr: "   No pages will be processed (FirstPage > LastPage)."
[08-Mar-2025 15:59:50] WARNING: [pool www] child 7299 said into stderr: "   **** Error: Couldn't initialise file."
[08-Mar-2025 15:59:50] WARNING: [pool www] child 7299 said into stderr: "               Output may be incorrect."
[08-Mar-2025 15:59:50] WARNING: [pool www] child 7299 said into stderr: "Requested FirstPage is greater than the number of pages in the file: 0"
[08-Mar-2025 15:59:50] WARNING: [pool www] child 7299 said into stderr: "   No pages will be processed (FirstPage > LastPage)."
[08-Mar-2025 15:59:50] WARNING: [pool www] child 7299 said into stderr: "   **** Error: Couldn't initialise file."
[08-Mar-2025 15:59:50] WARNING: [pool www] child 7299 said into stderr: "               Output may be incorrect."
[08-Mar-2025 15:59:50] WARNING: [pool www] child 7299 said into stderr: "Requested FirstPage is greater than the number of pages in the file: 0"
[08-Mar-2025 15:59:50] WARNING: [pool www] child 7299 said into stderr: "   No pages will be processed (FirstPage > LastPage)."
[08-Mar-2025 15:59:56] NOTICE: Terminating ...
[08-Mar-2025 15:59:56] NOTICE: Terminating ...
[08-Mar-2025 15:59:56] NOTICE: exiting, bye-bye!
[08-Mar-2025 15:59:59] NOTICE: fpm is running, pid 7479
[08-Mar-2025 15:59:59] NOTICE: ready to handle connections
[08-Mar-2025 16:26:29] NOTICE: Terminating ...
[08-Mar-2025 16:26:29] NOTICE: Terminating ...
[08-Mar-2025 16:26:29] NOTICE: exiting, bye-bye!
[10-Mar-2025 08:06:38] NOTICE: fpm is running, pid 997
[10-Mar-2025 08:06:38] NOTICE: ready to handle connections
[10-Mar-2025 08:42:28] WARNING: [pool www] child 1002 said into stderr: "Catalog dictionary not located in file, unable to proceed"
[10-Mar-2025 08:42:28] WARNING: [pool www] child 1002 said into stderr: "   **** Error: Couldn't initialise file."
[10-Mar-2025 08:42:28] WARNING: [pool www] child 1002 said into stderr: "               Output may be incorrect."
[10-Mar-2025 08:42:28] WARNING: [pool www] child 1002 said into stderr: "Requested FirstPage is greater than the number of pages in the file: 0"
[10-Mar-2025 08:42:28] WARNING: [pool www] child 1002 said into stderr: "   No pages will be processed (FirstPage > LastPage)."
[10-Mar-2025 08:42:28] WARNING: [pool www] child 1002 said into stderr: "Catalog dictionary not located in file, unable to proceed"
[10-Mar-2025 08:42:28] WARNING: [pool www] child 1002 said into stderr: "   **** Error: Couldn't initialise file."
[10-Mar-2025 08:42:28] WARNING: [pool www] child 1002 said into stderr: "               Output may be incorrect."
[10-Mar-2025 08:42:28] WARNING: [pool www] child 1002 said into stderr: "Requested FirstPage is greater than the number of pages in the file: 0"
[10-Mar-2025 08:42:28] WARNING: [pool www] child 1002 said into stderr: "   No pages will be processed (FirstPage > LastPage)."
[10-Mar-2025 08:42:50] WARNING: [pool www] child 1002 said into stderr: "Catalog dictionary not located in file, unable to proceed"
[10-Mar-2025 08:42:50] WARNING: [pool www] child 1002 said into stderr: "   **** Error: Couldn't initialise file."
[10-Mar-2025 08:42:50] WARNING: [pool www] child 1002 said into stderr: "               Output may be incorrect."
[10-Mar-2025 08:42:50] WARNING: [pool www] child 1002 said into stderr: "Requested FirstPage is greater than the number of pages in the file: 0"
[10-Mar-2025 08:42:50] WARNING: [pool www] child 1002 said into stderr: "   No pages will be processed (FirstPage > LastPage)."
[10-Mar-2025 08:42:50] WARNING: [pool www] child 1002 said into stderr: "Catalog dictionary not located in file, unable to proceed"
[10-Mar-2025 08:42:50] WARNING: [pool www] child 1002 said into stderr: "   **** Error: Couldn't initialise file."
[10-Mar-2025 08:42:50] WARNING: [pool www] child 1002 said into stderr: "               Output may be incorrect."
[10-Mar-2025 08:42:50] WARNING: [pool www] child 1002 said into stderr: "Requested FirstPage is greater than the number of pages in the file: 0"
[10-Mar-2025 08:42:50] WARNING: [pool www] child 1002 said into stderr: "   No pages will be processed (FirstPage > LastPage)."
[10-Mar-2025 08:42:58] WARNING: [pool www] child 1002 said into stderr: "   **** Error: Couldn't initialise file."
[10-Mar-2025 08:42:58] WARNING: [pool www] child 1002 said into stderr: "               Output may be incorrect."
[10-Mar-2025 08:42:58] WARNING: [pool www] child 1002 said into stderr: "Requested FirstPage is greater than the number of pages in the file: 0"
[10-Mar-2025 08:42:58] WARNING: [pool www] child 1002 said into stderr: "   No pages will be processed (FirstPage > LastPage)."
[10-Mar-2025 08:42:58] WARNING: [pool www] child 1002 said into stderr: "   **** Error: Couldn't initialise file."
[10-Mar-2025 08:42:58] WARNING: [pool www] child 1002 said into stderr: "               Output may be incorrect."
[10-Mar-2025 08:42:58] WARNING: [pool www] child 1002 said into stderr: "Requested FirstPage is greater than the number of pages in the file: 0"
[10-Mar-2025 08:42:58] WARNING: [pool www] child 1002 said into stderr: "   No pages will be processed (FirstPage > LastPage)."
[10-Mar-2025 09:23:00] WARNING: [pool www] child 1003 said into stderr: "   **** Warning: File has some garbage before %PDF- ."
[10-Mar-2025 09:23:22] WARNING: [pool www] child 1002 said into stderr: "   **** Warning: File has some garbage before %PDF- ."
[10-Mar-2025 09:32:20] WARNING: [pool www] child 1003 said into stderr: "warning: ignoring zlib error: incorrect data check"
[10-Mar-2025 09:32:20] WARNING: [pool www] child 1003 said into stderr: "warning: ignoring zlib error: incorrect data check"
[10-Mar-2025 09:32:20] WARNING: [pool www] child 1003 said into stderr: "warning: ignoring zlib error: incorrect data check"
[10-Mar-2025 09:43:25] NOTICE: Terminating ...
[10-Mar-2025 09:43:25] NOTICE: Terminating ...
[10-Mar-2025 09:43:25] NOTICE: exiting, bye-bye!
[10-Mar-2025 09:45:29] NOTICE: fpm is running, pid 8908
[10-Mar-2025 09:45:29] NOTICE: ready to handle connections
[10-Mar-2025 10:17:30] NOTICE: Terminating ...
[10-Mar-2025 10:17:30] NOTICE: Terminating ...
[10-Mar-2025 10:17:30] NOTICE: exiting, bye-bye!
[12-Mar-2025 08:24:13] NOTICE: fpm is running, pid 1349
[12-Mar-2025 08:24:13] NOTICE: ready to handle connections
[12-Mar-2025 08:26:51] NOTICE: Terminating ...
[12-Mar-2025 08:26:51] NOTICE: Terminating ...
[12-Mar-2025 08:26:51] NOTICE: exiting, bye-bye!
[12-Mar-2025 08:27:05] NOTICE: fpm is running, pid 1420
[12-Mar-2025 08:27:05] NOTICE: ready to handle connections
[12-Mar-2025 08:37:34] NOTICE: Terminating ...
[12-Mar-2025 08:37:34] NOTICE: Terminating ...
[12-Mar-2025 08:37:34] NOTICE: exiting, bye-bye!
[12-Mar-2025 14:26:00] NOTICE: fpm is running, pid 1072
[12-Mar-2025 14:26:00] NOTICE: ready to handle connections
[12-Mar-2025 14:35:52] NOTICE: Terminating ...
[12-Mar-2025 14:35:52] NOTICE: Terminating ...
[12-Mar-2025 14:35:52] NOTICE: exiting, bye-bye!
[12-Mar-2025 14:42:18] NOTICE: fpm is running, pid 1390
[12-Mar-2025 14:42:18] NOTICE: ready to handle connections
[12-Mar-2025 14:47:15] NOTICE: Terminating ...
[12-Mar-2025 14:47:15] NOTICE: Terminating ...
[12-Mar-2025 14:47:15] NOTICE: exiting, bye-bye!
[14-Mar-2025 14:06:16] NOTICE: fpm is running, pid 1129
[14-Mar-2025 14:06:16] NOTICE: ready to handle connections
[14-Mar-2025 14:26:41] NOTICE: Terminating ...
[14-Mar-2025 14:26:41] NOTICE: Terminating ...
[14-Mar-2025 14:26:41] NOTICE: exiting, bye-bye!
[14-Mar-2025 14:39:18] NOTICE: fpm is running, pid 5261
[14-Mar-2025 14:39:18] NOTICE: ready to handle connections
[14-Mar-2025 14:56:29] NOTICE: Terminating ...
[14-Mar-2025 14:56:29] NOTICE: Terminating ...
[14-Mar-2025 14:56:29] NOTICE: exiting, bye-bye!
[15-Mar-2025 08:06:51] NOTICE: fpm is running, pid 1067
[15-Mar-2025 08:06:51] NOTICE: ready to handle connections
[15-Mar-2025 08:26:06] NOTICE: Terminating ...
[15-Mar-2025 08:26:06] NOTICE: Terminating ...
[15-Mar-2025 08:26:06] NOTICE: exiting, bye-bye!
[17-Mar-2025 08:55:37] NOTICE: fpm is running, pid 1689
[17-Mar-2025 08:55:37] NOTICE: ready to handle connections
[17-Mar-2025 11:30:40] NOTICE: Terminating ...
[17-Mar-2025 11:30:40] NOTICE: Terminating ...
[17-Mar-2025 11:30:40] NOTICE: exiting, bye-bye!
[17-Mar-2025 14:20:53] NOTICE: fpm is running, pid 1255
[17-Mar-2025 14:20:53] NOTICE: ready to handle connections
[17-Mar-2025 16:54:43] NOTICE: Terminating ...
[17-Mar-2025 16:54:43] NOTICE: Terminating ...
[17-Mar-2025 16:54:44] NOTICE: exiting, bye-bye!
[18-Mar-2025 09:25:02] NOTICE: fpm is running, pid 1169
[18-Mar-2025 09:25:02] NOTICE: ready to handle connections
[18-Mar-2025 09:33:29] NOTICE: Terminating ...
[18-Mar-2025 09:33:29] NOTICE: Terminating ...
[18-Mar-2025 09:33:29] NOTICE: exiting, bye-bye!
[19-Mar-2025 08:09:04] NOTICE: fpm is running, pid 1186
[19-Mar-2025 08:09:04] NOTICE: ready to handle connections
[19-Mar-2025 08:56:54] NOTICE: Terminating ...
[19-Mar-2025 08:56:54] NOTICE: Terminating ...
[19-Mar-2025 08:56:54] NOTICE: exiting, bye-bye!
[19-Mar-2025 09:09:22] NOTICE: fpm is running, pid 1794
[19-Mar-2025 09:09:22] NOTICE: ready to handle connections
[19-Mar-2025 10:05:45] NOTICE: Terminating ...
[19-Mar-2025 10:05:45] NOTICE: Terminating ...
[19-Mar-2025 10:05:45] NOTICE: exiting, bye-bye!
